[0.020s] Invoking command in '/home/sheldon/turtlebot3_ws/build/turtlebot3_fake_node': CMAKE_PREFIX_PATH=${CMAKE_PREFIX_PATH}:/home/sheldon/turtlebot3_ws/install/py_pubsub:/opt/ros/foxy /usr/bin/cmake --build /home/sheldon/turtlebot3_ws/build/turtlebot3_fake_node -- -j16 -l16
[0.188s] [100%] Built target turtlebot3_fake_node
[0.190s] Invoked command in '/home/sheldon/turtlebot3_ws/build/turtlebot3_fake_node' returned '0': CMAKE_PREFIX_PATH=${CMAKE_PREFIX_PATH}:/home/sheldon/turtlebot3_ws/install/py_pubsub:/opt/ros/foxy /usr/bin/cmake --build /home/sheldon/turtlebot3_ws/build/turtlebot3_fake_node -- -j16 -l16
[0.212s] Invoking command in '/home/sheldon/turtlebot3_ws/build/turtlebot3_fake_node': CMAKE_PREFIX_PATH=${CMAKE_PREFIX_PATH}:/home/sheldon/turtlebot3_ws/install/py_pubsub:/opt/ros/foxy /usr/bin/cmake --install /home/sheldon/turtlebot3_ws/build/turtlebot3_fake_node
[0.218s] -- Install configuration: ""
[0.218s] -- Execute custom install script
[0.218s] -- Up-to-date symlink: /home/sheldon/turtlebot3_ws/install/turtlebot3_fake_node/lib/turtlebot3_fake_node/turtlebot3_fake_node
[0.219s] -- Up-to-date symlink: /home/sheldon/turtlebot3_ws/install/turtlebot3_fake_node/share/turtlebot3_fake_node/launch/rviz2.launch.py
[0.219s] -- Up-to-date symlink: /home/sheldon/turtlebot3_ws/install/turtlebot3_fake_node/share/turtlebot3_fake_node/launch/turtlebot3_fake_node.launch.py
[0.219s] -- Up-to-date symlink: /home/sheldon/turtlebot3_ws/install/turtlebot3_fake_node/share/turtlebot3_fake_node/param/burger.yaml
[0.219s] -- Up-to-date symlink: /home/sheldon/turtlebot3_ws/install/turtlebot3_fake_node/share/turtlebot3_fake_node/param/waffle.yaml
[0.219s] -- Up-to-date symlink: /home/sheldon/turtlebot3_ws/install/turtlebot3_fake_node/share/turtlebot3_fake_node/param/waffle_pi.yaml
[0.220s] -- Up-to-date symlink: /home/sheldon/turtlebot3_ws/install/turtlebot3_fake_node/share/turtlebot3_fake_node/rviz/model.rviz
[0.220s] -- Up-to-date symlink: /home/sheldon/turtlebot3_ws/install/turtlebot3_fake_node/include//turtlebot3_fake_node/turtlebot3_fake_node.hpp
[0.220s] -- Up-to-date symlink: /home/sheldon/turtlebot3_ws/install/turtlebot3_fake_node/share/ament_index/resource_index/package_run_dependencies/turtlebot3_fake_node
[0.220s] -- Up-to-date symlink: /home/sheldon/turtlebot3_ws/install/turtlebot3_fake_node/share/ament_index/resource_index/parent_prefix_path/turtlebot3_fake_node
[0.220s] -- Up-to-date symlink: /home/sheldon/turtlebot3_ws/install/turtlebot3_fake_node/share/turtlebot3_fake_node/environment/ament_prefix_path.sh
[0.221s] -- Up-to-date symlink: /home/sheldon/turtlebot3_ws/install/turtlebot3_fake_node/share/turtlebot3_fake_node/environment/ament_prefix_path.dsv
[0.221s] -- Up-to-date symlink: /home/sheldon/turtlebot3_ws/install/turtlebot3_fake_node/share/turtlebot3_fake_node/environment/path.sh
[0.221s] -- Up-to-date symlink: /home/sheldon/turtlebot3_ws/install/turtlebot3_fake_node/share/turtlebot3_fake_node/environment/path.dsv
[0.221s] -- Up-to-date symlink: /home/sheldon/turtlebot3_ws/install/turtlebot3_fake_node/share/turtlebot3_fake_node/local_setup.bash
[0.221s] -- Up-to-date symlink: /home/sheldon/turtlebot3_ws/install/turtlebot3_fake_node/share/turtlebot3_fake_node/local_setup.sh
[0.221s] -- Up-to-date symlink: /home/sheldon/turtlebot3_ws/install/turtlebot3_fake_node/share/turtlebot3_fake_node/local_setup.zsh
[0.222s] -- Up-to-date symlink: /home/sheldon/turtlebot3_ws/install/turtlebot3_fake_node/share/turtlebot3_fake_node/local_setup.dsv
[0.222s] -- Symlinking: /home/sheldon/turtlebot3_ws/install/turtlebot3_fake_node/share/turtlebot3_fake_node/package.dsv
[0.228s] -- Up-to-date symlink: /home/sheldon/turtlebot3_ws/install/turtlebot3_fake_node/share/ament_index/resource_index/packages/turtlebot3_fake_node
[0.229s] -- Up-to-date symlink: /home/sheldon/turtlebot3_ws/install/turtlebot3_fake_node/share/turtlebot3_fake_node/cmake/ament_cmake_export_include_directories-extras.cmake
[0.229s] -- Up-to-date symlink: /home/sheldon/turtlebot3_ws/install/turtlebot3_fake_node/share/turtlebot3_fake_node/cmake/ament_cmake_export_dependencies-extras.cmake
[0.229s] -- Up-to-date symlink: /home/sheldon/turtlebot3_ws/install/turtlebot3_fake_node/share/turtlebot3_fake_node/cmake/turtlebot3_fake_nodeConfig.cmake
[0.229s] -- Up-to-date symlink: /home/sheldon/turtlebot3_ws/install/turtlebot3_fake_node/share/turtlebot3_fake_node/cmake/turtlebot3_fake_nodeConfig-version.cmake
[0.229s] -- Up-to-date symlink: /home/sheldon/turtlebot3_ws/install/turtlebot3_fake_node/share/turtlebot3_fake_node/package.xml
[0.233s] Invoked command in '/home/sheldon/turtlebot3_ws/build/turtlebot3_fake_node' returned '0': CMAKE_PREFIX_PATH=${CMAKE_PREFIX_PATH}:/home/sheldon/turtlebot3_ws/install/py_pubsub:/opt/ros/foxy /usr/bin/cmake --install /home/sheldon/turtlebot3_ws/build/turtlebot3_fake_node
