[0.004s] Invoking command in '/home/sheldon/turtlebot3_ws/build/turtlebot3_simulations': AMENT_PREFIX_PATH=/home/sheldon/turtlebot3_ws/install/turtlebot3_gazebo:/home/sheldon/turtlebot3_ws/install/turtlebot3_fake_node:${AMENT_PREFIX_PATH} CMAKE_PREFIX_PATH=/home/sheldon/turtlebot3_ws/install/turtlebot3_gazebo:/home/sheldon/turtlebot3_ws/install/turtlebot3_fake_node:/opt/ros/foxy /usr/bin/cmake /home/sheldon/turtlebot3_ws/src/turtlebot3_simulations/turtlebot3_simulations -DCMAKE_INSTALL_PREFIX=/home/sheldon/turtlebot3_ws/install/turtlebot3_simulations
[0.043s] -- The C compiler identification is GNU 9.3.0
[0.101s] -- The CXX compiler identification is GNU 9.3.0
[0.107s] -- Check for working C compiler: /usr/bin/cc
[0.204s] -- Check for working C compiler: /usr/bin/cc -- works
[0.205s] -- Detecting C compiler ABI info
[0.321s] -- Detecting C compiler ABI info - done
[0.335s] -- Detecting C compile features
[0.336s] -- Detecting C compile features - done
[0.339s] -- Check for working CXX compiler: /usr/bin/c++
[0.418s] -- Check for working CXX compiler: /usr/bin/c++ -- works
[0.419s] -- Detecting CXX compiler ABI info
[0.532s] -- Detecting CXX compiler ABI info - done
[0.547s] -- Detecting CXX compile features
[0.548s] -- Detecting CXX compile features - done
[0.550s] -- Found ament_cmake: 0.9.9 (/opt/ros/foxy/share/ament_cmake/cmake)
[0.570s] -- Found PythonInterp: /usr/bin/python3 (found suitable version "3.8.10", minimum required is "3") 
[0.570s] -- Using PYTHON_EXECUTABLE: /usr/bin/python3
[0.740s] -- Configuring done
[0.741s] -- Generating done
[0.742s] -- Build files have been written to: /home/sheldon/turtlebot3_ws/build/turtlebot3_simulations
[0.745s] Invoked command in '/home/sheldon/turtlebot3_ws/build/turtlebot3_simulations' returned '0': AMENT_PREFIX_PATH=/home/sheldon/turtlebot3_ws/install/turtlebot3_gazebo:/home/sheldon/turtlebot3_ws/install/turtlebot3_fake_node:${AMENT_PREFIX_PATH} CMAKE_PREFIX_PATH=/home/sheldon/turtlebot3_ws/install/turtlebot3_gazebo:/home/sheldon/turtlebot3_ws/install/turtlebot3_fake_node:/opt/ros/foxy /usr/bin/cmake /home/sheldon/turtlebot3_ws/src/turtlebot3_simulations/turtlebot3_simulations -DCMAKE_INSTALL_PREFIX=/home/sheldon/turtlebot3_ws/install/turtlebot3_simulations
[0.746s] Invoking command in '/home/sheldon/turtlebot3_ws/build/turtlebot3_simulations': AMENT_PREFIX_PATH=/home/sheldon/turtlebot3_ws/install/turtlebot3_gazebo:/home/sheldon/turtlebot3_ws/install/turtlebot3_fake_node:${AMENT_PREFIX_PATH} CMAKE_PREFIX_PATH=/home/sheldon/turtlebot3_ws/install/turtlebot3_gazebo:/home/sheldon/turtlebot3_ws/install/turtlebot3_fake_node:/opt/ros/foxy /usr/bin/cmake --build /home/sheldon/turtlebot3_ws/build/turtlebot3_simulations -- -j16 -l16
[0.769s] Invoked command in '/home/sheldon/turtlebot3_ws/build/turtlebot3_simulations' returned '0': AMENT_PREFIX_PATH=/home/sheldon/turtlebot3_ws/install/turtlebot3_gazebo:/home/sheldon/turtlebot3_ws/install/turtlebot3_fake_node:${AMENT_PREFIX_PATH} CMAKE_PREFIX_PATH=/home/sheldon/turtlebot3_ws/install/turtlebot3_gazebo:/home/sheldon/turtlebot3_ws/install/turtlebot3_fake_node:/opt/ros/foxy /usr/bin/cmake --build /home/sheldon/turtlebot3_ws/build/turtlebot3_simulations -- -j16 -l16
[0.781s] Invoking command in '/home/sheldon/turtlebot3_ws/build/turtlebot3_simulations': AMENT_PREFIX_PATH=/home/sheldon/turtlebot3_ws/install/turtlebot3_gazebo:/home/sheldon/turtlebot3_ws/install/turtlebot3_fake_node:${AMENT_PREFIX_PATH} CMAKE_PREFIX_PATH=/home/sheldon/turtlebot3_ws/install/turtlebot3_gazebo:/home/sheldon/turtlebot3_ws/install/turtlebot3_fake_node:/opt/ros/foxy /usr/bin/cmake --install /home/sheldon/turtlebot3_ws/build/turtlebot3_simulations
[0.787s] -- Install configuration: ""
[0.787s] -- Installing: /home/sheldon/turtlebot3_ws/install/turtlebot3_simulations/share/ament_index/resource_index/package_run_dependencies/turtlebot3_simulations
[0.787s] -- Installing: /home/sheldon/turtlebot3_ws/install/turtlebot3_simulations/share/ament_index/resource_index/parent_prefix_path/turtlebot3_simulations
[0.787s] -- Installing: /home/sheldon/turtlebot3_ws/install/turtlebot3_simulations/share/turtlebot3_simulations/environment/ament_prefix_path.sh
[0.787s] -- Installing: /home/sheldon/turtlebot3_ws/install/turtlebot3_simulations/share/turtlebot3_simulations/environment/ament_prefix_path.dsv
[0.787s] -- Installing: /home/sheldon/turtlebot3_ws/install/turtlebot3_simulations/share/turtlebot3_simulations/environment/path.sh
[0.787s] -- Installing: /home/sheldon/turtlebot3_ws/install/turtlebot3_simulations/share/turtlebot3_simulations/environment/path.dsv
[0.787s] -- Installing: /home/sheldon/turtlebot3_ws/install/turtlebot3_simulations/share/turtlebot3_simulations/local_setup.bash
[0.787s] -- Installing: /home/sheldon/turtlebot3_ws/install/turtlebot3_simulations/share/turtlebot3_simulations/local_setup.sh
[0.787s] -- Installing: /home/sheldon/turtlebot3_ws/install/turtlebot3_simulations/share/turtlebot3_simulations/local_setup.zsh
[0.787s] -- Installing: /home/sheldon/turtlebot3_ws/install/turtlebot3_simulations/share/turtlebot3_simulations/local_setup.dsv
[0.788s] -- Installing: /home/sheldon/turtlebot3_ws/install/turtlebot3_simulations/share/turtlebot3_simulations/package.dsv
[0.788s] -- Installing: /home/sheldon/turtlebot3_ws/install/turtlebot3_simulations/share/ament_index/resource_index/packages/turtlebot3_simulations
[0.788s] -- Installing: /home/sheldon/turtlebot3_ws/install/turtlebot3_simulations/share/turtlebot3_simulations/cmake/turtlebot3_simulationsConfig.cmake
[0.788s] -- Installing: /home/sheldon/turtlebot3_ws/install/turtlebot3_simulations/share/turtlebot3_simulations/cmake/turtlebot3_simulationsConfig-version.cmake
[0.788s] -- Installing: /home/sheldon/turtlebot3_ws/install/turtlebot3_simulations/share/turtlebot3_simulations/package.xml
[0.790s] Invoked command in '/home/sheldon/turtlebot3_ws/build/turtlebot3_simulations' returned '0': AMENT_PREFIX_PATH=/home/sheldon/turtlebot3_ws/install/turtlebot3_gazebo:/home/sheldon/turtlebot3_ws/install/turtlebot3_fake_node:${AMENT_PREFIX_PATH} CMAKE_PREFIX_PATH=/home/sheldon/turtlebot3_ws/install/turtlebot3_gazebo:/home/sheldon/turtlebot3_ws/install/turtlebot3_fake_node:/opt/ros/foxy /usr/bin/cmake --install /home/sheldon/turtlebot3_ws/build/turtlebot3_simulations
