[0.164s] Invoking command in '/home/sheldon/turtlebot3_ws/src/py_pubsub': PYTHONPATH=/home/sheldon/turtlebot3_ws/install/py_pubsub/lib/python3.8/site-packages:${PYTHONPATH} /usr/bin/python3 setup.py egg_info --egg-base ../../build/py_pubsub build --build-base /home/sheldon/turtlebot3_ws/build/py_pubsub/build install --prefix /home/sheldon/turtlebot3_ws/install/py_pubsub --record /home/sheldon/turtlebot3_ws/build/py_pubsub/install.log --single-version-externally-managed
[0.311s] running egg_info
[0.312s] creating ../../build/py_pubsub/py_pubsub.egg-info
[0.312s] writing ../../build/py_pubsub/py_pubsub.egg-info/PKG-INFO
[0.312s] writing dependency_links to ../../build/py_pubsub/py_pubsub.egg-info/dependency_links.txt
[0.312s] writing entry points to ../../build/py_pubsub/py_pubsub.egg-info/entry_points.txt
[0.312s] writing requirements to ../../build/py_pubsub/py_pubsub.egg-info/requires.txt
[0.312s] writing top-level names to ../../build/py_pubsub/py_pubsub.egg-info/top_level.txt
[0.314s] writing manifest file '../../build/py_pubsub/py_pubsub.egg-info/SOURCES.txt'
[0.340s] reading manifest file '../../build/py_pubsub/py_pubsub.egg-info/SOURCES.txt'
[0.340s] writing manifest file '../../build/py_pubsub/py_pubsub.egg-info/SOURCES.txt'
[0.340s] running build
[0.340s] running build_py
[0.340s] creating /home/sheldon/turtlebot3_ws/build/py_pubsub/build
[0.341s] creating /home/sheldon/turtlebot3_ws/build/py_pubsub/build/lib
[0.341s] creating /home/sheldon/turtlebot3_ws/build/py_pubsub/build/lib/py_pubsub
[0.341s] copying py_pubsub/publisher_member_function.py -> /home/sheldon/turtlebot3_ws/build/py_pubsub/build/lib/py_pubsub
[0.341s] copying py_pubsub/__init__.py -> /home/sheldon/turtlebot3_ws/build/py_pubsub/build/lib/py_pubsub
[0.341s] copying py_pubsub/subscriber_member_function.py -> /home/sheldon/turtlebot3_ws/build/py_pubsub/build/lib/py_pubsub
[0.341s] running install
[0.341s] running install_lib
[0.342s] creating /home/sheldon/turtlebot3_ws/install/py_pubsub/lib/python3.8/site-packages/py_pubsub
[0.342s] copying /home/sheldon/turtlebot3_ws/build/py_pubsub/build/lib/py_pubsub/publisher_member_function.py -> /home/sheldon/turtlebot3_ws/install/py_pubsub/lib/python3.8/site-packages/py_pubsub
[0.342s] copying /home/sheldon/turtlebot3_ws/build/py_pubsub/build/lib/py_pubsub/__init__.py -> /home/sheldon/turtlebot3_ws/install/py_pubsub/lib/python3.8/site-packages/py_pubsub
[0.342s] copying /home/sheldon/turtlebot3_ws/build/py_pubsub/build/lib/py_pubsub/subscriber_member_function.py -> /home/sheldon/turtlebot3_ws/install/py_pubsub/lib/python3.8/site-packages/py_pubsub
[0.342s] byte-compiling /home/sheldon/turtlebot3_ws/install/py_pubsub/lib/python3.8/site-packages/py_pubsub/publisher_member_function.py to publisher_member_function.cpython-38.pyc
[0.343s] byte-compiling /home/sheldon/turtlebot3_ws/install/py_pubsub/lib/python3.8/site-packages/py_pubsub/__init__.py to __init__.cpython-38.pyc
[0.343s]   File "/home/sheldon/turtlebot3_ws/install/py_pubsub/lib/python3.8/site-packages/py_pubsub/publisher_member_function.py", line 2
[0.343s]     form rclpy.node import Node
[0.343s]          ^
[0.343s] SyntaxError: invalid syntax
[0.344s] 
[0.344s] byte-compiling /home/sheldon/turtlebot3_ws/install/py_pubsub/lib/python3.8/site-packages/py_pubsub/subscriber_member_function.py to subscriber_member_function.cpython-38.pyc
[0.344s] running install_data
[0.344s] creating /home/sheldon/turtlebot3_ws/install/py_pubsub/share/ament_index
[0.344s] creating /home/sheldon/turtlebot3_ws/install/py_pubsub/share/ament_index/resource_index
[0.344s] creating /home/sheldon/turtlebot3_ws/install/py_pubsub/share/ament_index/resource_index/packages
[0.344s] copying resource/py_pubsub -> /home/sheldon/turtlebot3_ws/install/py_pubsub/share/ament_index/resource_index/packages
[0.344s] copying package.xml -> /home/sheldon/turtlebot3_ws/install/py_pubsub/share/py_pubsub
[0.344s] running install_egg_info
[0.345s] Copying ../../build/py_pubsub/py_pubsub.egg-info to /home/sheldon/turtlebot3_ws/install/py_pubsub/lib/python3.8/site-packages/py_pubsub-0.0.0-py3.8.egg-info
[0.346s] running install_scripts
[0.359s] Installing listener script to /home/sheldon/turtlebot3_ws/install/py_pubsub/lib/py_pubsub
[0.359s] Installing talker script to /home/sheldon/turtlebot3_ws/install/py_pubsub/lib/py_pubsub
[0.359s] writing list of installed files to '/home/sheldon/turtlebot3_ws/build/py_pubsub/install.log'
[0.372s] Invoked command in '/home/sheldon/turtlebot3_ws/src/py_pubsub' returned '0': PYTHONPATH=/home/sheldon/turtlebot3_ws/install/py_pubsub/lib/python3.8/site-packages:${PYTHONPATH} /usr/bin/python3 setup.py egg_info --egg-base ../../build/py_pubsub build --build-base /home/sheldon/turtlebot3_ws/build/py_pubsub/build install --prefix /home/sheldon/turtlebot3_ws/install/py_pubsub --record /home/sheldon/turtlebot3_ws/build/py_pubsub/install.log --single-version-externally-managed
