[0.463s] Invoking command in '/home/sheldon/turtlebot3_ws/src/py_pubsub': PYTHONPATH=/home/sheldon/turtlebot3_ws/install/py_pubsub/lib/python3.8/site-packages:${PYTHONPATH} /usr/bin/python3 setup.py egg_info --egg-base ../../build/py_pubsub build --build-base /home/sheldon/turtlebot3_ws/build/py_pubsub/build install --prefix /home/sheldon/turtlebot3_ws/install/py_pubsub --record /home/sheldon/turtlebot3_ws/build/py_pubsub/install.log --single-version-externally-managed
[0.605s] running egg_info
[0.606s] writing ../../build/py_pubsub/py_pubsub.egg-info/PKG-INFO
[0.606s] writing dependency_links to ../../build/py_pubsub/py_pubsub.egg-info/dependency_links.txt
[0.606s] writing entry points to ../../build/py_pubsub/py_pubsub.egg-info/entry_points.txt
[0.606s] writing requirements to ../../build/py_pubsub/py_pubsub.egg-info/requires.txt
[0.606s] writing top-level names to ../../build/py_pubsub/py_pubsub.egg-info/top_level.txt
[0.630s] reading manifest file '../../build/py_pubsub/py_pubsub.egg-info/SOURCES.txt'
[0.630s] writing manifest file '../../build/py_pubsub/py_pubsub.egg-info/SOURCES.txt'
[0.630s] running build
[0.630s] running build_py
[0.630s] copying py_pubsub/turtlebot_function_all.py -> /home/sheldon/turtlebot3_ws/build/py_pubsub/build/lib/py_pubsub
[0.631s] running install
[0.631s] running install_lib
[0.632s] copying /home/sheldon/turtlebot3_ws/build/py_pubsub/build/lib/py_pubsub/turtlebot_function_all.py -> /home/sheldon/turtlebot3_ws/install/py_pubsub/lib/python3.8/site-packages/py_pubsub
[0.632s] byte-compiling /home/sheldon/turtlebot3_ws/install/py_pubsub/lib/python3.8/site-packages/py_pubsub/turtlebot_function_all.py to turtlebot_function_all.cpython-38.pyc
[0.633s] running install_data
[0.633s] running install_egg_info
[0.634s] removing '/home/sheldon/turtlebot3_ws/install/py_pubsub/lib/python3.8/site-packages/py_pubsub-0.0.0-py3.8.egg-info' (and everything under it)
[0.634s] Copying ../../build/py_pubsub/py_pubsub.egg-info to /home/sheldon/turtlebot3_ws/install/py_pubsub/lib/python3.8/site-packages/py_pubsub-0.0.0-py3.8.egg-info
[0.635s] running install_scripts
[0.646s] Installing all script to /home/sheldon/turtlebot3_ws/install/py_pubsub/lib/py_pubsub
[0.647s] Installing listener script to /home/sheldon/turtlebot3_ws/install/py_pubsub/lib/py_pubsub
[0.647s] Installing talker script to /home/sheldon/turtlebot3_ws/install/py_pubsub/lib/py_pubsub
[0.647s] Installing turtlebot script to /home/sheldon/turtlebot3_ws/install/py_pubsub/lib/py_pubsub
[0.647s] writing list of installed files to '/home/sheldon/turtlebot3_ws/build/py_pubsub/install.log'
[0.663s] Invoked command in '/home/sheldon/turtlebot3_ws/src/py_pubsub' returned '0': PYTHONPATH=/home/sheldon/turtlebot3_ws/install/py_pubsub/lib/python3.8/site-packages:${PYTHONPATH} /usr/bin/python3 setup.py egg_info --egg-base ../../build/py_pubsub build --build-base /home/sheldon/turtlebot3_ws/build/py_pubsub/build install --prefix /home/sheldon/turtlebot3_ws/install/py_pubsub --record /home/sheldon/turtlebot3_ws/build/py_pubsub/install.log --single-version-externally-managed
