[0.493s] Invoking command in '/home/sheldon/turtlebot3_ws/src/py_pubsub': PYTHONPATH=/home/sheldon/turtlebot3_ws/install/py_pubsub/lib/python3.8/site-packages:${PYTHONPATH} /usr/bin/python3 setup.py egg_info --egg-base ../../build/py_pubsub build --build-base /home/sheldon/turtlebot3_ws/build/py_pubsub/build install --prefix /home/sheldon/turtlebot3_ws/install/py_pubsub --record /home/sheldon/turtlebot3_ws/build/py_pubsub/install.log --single-version-externally-managed
[0.649s] running egg_info
[0.650s] writing ../../build/py_pubsub/py_pubsub.egg-info/PKG-INFO
[0.650s] writing dependency_links to ../../build/py_pubsub/py_pubsub.egg-info/dependency_links.txt
[0.650s] writing entry points to ../../build/py_pubsub/py_pubsub.egg-info/entry_points.txt
[0.650s] writing requirements to ../../build/py_pubsub/py_pubsub.egg-info/requires.txt
[0.650s] writing top-level names to ../../build/py_pubsub/py_pubsub.egg-info/top_level.txt
[0.674s] reading manifest file '../../build/py_pubsub/py_pubsub.egg-info/SOURCES.txt'
[0.674s] writing manifest file '../../build/py_pubsub/py_pubsub.egg-info/SOURCES.txt'
[0.674s] running build
[0.674s] running build_py
[0.674s] copying py_pubsub/turtlebot_function.py -> /home/sheldon/turtlebot3_ws/build/py_pubsub/build/lib/py_pubsub
[0.675s] running install
[0.675s] running install_lib
[0.676s] copying /home/sheldon/turtlebot3_ws/build/py_pubsub/build/lib/py_pubsub/turtlebot_function.py -> /home/sheldon/turtlebot3_ws/install/py_pubsub/lib/python3.8/site-packages/py_pubsub
[0.676s] byte-compiling /home/sheldon/turtlebot3_ws/install/py_pubsub/lib/python3.8/site-packages/py_pubsub/turtlebot_function.py to turtlebot_function.cpython-38.pyc
[0.677s] running install_data
[0.677s] running install_egg_info
[0.678s] removing '/home/sheldon/turtlebot3_ws/install/py_pubsub/lib/python3.8/site-packages/py_pubsub-0.0.0-py3.8.egg-info' (and everything under it)
[0.679s] Copying ../../build/py_pubsub/py_pubsub.egg-info to /home/sheldon/turtlebot3_ws/install/py_pubsub/lib/python3.8/site-packages/py_pubsub-0.0.0-py3.8.egg-info
[0.679s] running install_scripts
[0.690s] Installing listener script to /home/sheldon/turtlebot3_ws/install/py_pubsub/lib/py_pubsub
[0.691s] Installing talker script to /home/sheldon/turtlebot3_ws/install/py_pubsub/lib/py_pubsub
[0.691s] Installing turtlebot script to /home/sheldon/turtlebot3_ws/install/py_pubsub/lib/py_pubsub
[0.691s] writing list of installed files to '/home/sheldon/turtlebot3_ws/build/py_pubsub/install.log'
[0.705s] Invoked command in '/home/sheldon/turtlebot3_ws/src/py_pubsub' returned '0': PYTHONPATH=/home/sheldon/turtlebot3_ws/install/py_pubsub/lib/python3.8/site-packages:${PYTHONPATH} /usr/bin/python3 setup.py egg_info --egg-base ../../build/py_pubsub build --build-base /home/sheldon/turtlebot3_ws/build/py_pubsub/build install --prefix /home/sheldon/turtlebot3_ws/install/py_pubsub --record /home/sheldon/turtlebot3_ws/build/py_pubsub/install.log --single-version-externally-managed
