[0.017s] Invoking command in '/home/sheldon/turtlebot3_ws/build/turtlebot3_simulations': CMAKE_PREFIX_PATH=/home/sheldon/turtlebot3_ws/install/turtlebot3_gazebo:/home/sheldon/turtlebot3_ws/install/turtlebot3_fake_node:/home/sheldon/turtlebot3_ws/install/turtlebot3_simulations:/home/sheldon/turtlebot3_ws/install/py_pubsub:/opt/ros/foxy /usr/bin/cmake --build /home/sheldon/turtlebot3_ws/build/turtlebot3_simulations -- -j16 -l16
[0.051s] Invoked command in '/home/sheldon/turtlebot3_ws/build/turtlebot3_simulations' returned '0': CMAKE_PREFIX_PATH=/home/sheldon/turtlebot3_ws/install/turtlebot3_gazebo:/home/sheldon/turtlebot3_ws/install/turtlebot3_fake_node:/home/sheldon/turtlebot3_ws/install/turtlebot3_simulations:/home/sheldon/turtlebot3_ws/install/py_pubsub:/opt/ros/foxy /usr/bin/cmake --build /home/sheldon/turtlebot3_ws/build/turtlebot3_simulations -- -j16 -l16
[0.063s] Invoking command in '/home/sheldon/turtlebot3_ws/build/turtlebot3_simulations': CMAKE_PREFIX_PATH=/home/sheldon/turtlebot3_ws/install/turtlebot3_gazebo:/home/sheldon/turtlebot3_ws/install/turtlebot3_fake_node:/home/sheldon/turtlebot3_ws/install/turtlebot3_simulations:/home/sheldon/turtlebot3_ws/install/py_pubsub:/opt/ros/foxy /usr/bin/cmake --install /home/sheldon/turtlebot3_ws/build/turtlebot3_simulations
[0.073s] -- Install configuration: ""
[0.078s] -- Execute custom install script
[0.079s] -- Up-to-date symlink: /home/sheldon/turtlebot3_ws/install/turtlebot3_simulations/share/ament_index/resource_index/package_run_dependencies/turtlebot3_simulations
[0.082s] -- Up-to-date symlink: /home/sheldon/turtlebot3_ws/install/turtlebot3_simulations/share/ament_index/resource_index/parent_prefix_path/turtlebot3_simulations
[0.088s] -- Up-to-date symlink: /home/sheldon/turtlebot3_ws/install/turtlebot3_simulations/share/turtlebot3_simulations/environment/ament_prefix_path.sh
[0.089s] -- Up-to-date symlink: /home/sheldon/turtlebot3_ws/install/turtlebot3_simulations/share/turtlebot3_simulations/environment/ament_prefix_path.dsv
[0.090s] -- Up-to-date symlink: /home/sheldon/turtlebot3_ws/install/turtlebot3_simulations/share/turtlebot3_simulations/environment/path.sh
[0.090s] -- Up-to-date symlink: /home/sheldon/turtlebot3_ws/install/turtlebot3_simulations/share/turtlebot3_simulations/environment/path.dsv
[0.091s] -- Up-to-date symlink: /home/sheldon/turtlebot3_ws/install/turtlebot3_simulations/share/turtlebot3_simulations/local_setup.bash
[0.092s] -- Up-to-date symlink: /home/sheldon/turtlebot3_ws/install/turtlebot3_simulations/share/turtlebot3_simulations/local_setup.sh
[0.095s] -- Up-to-date symlink: /home/sheldon/turtlebot3_ws/install/turtlebot3_simulations/share/turtlebot3_simulations/local_setup.zsh
[0.096s] -- Up-to-date symlink: /home/sheldon/turtlebot3_ws/install/turtlebot3_simulations/share/turtlebot3_simulations/local_setup.dsv
[0.096s] -- Symlinking: /home/sheldon/turtlebot3_ws/install/turtlebot3_simulations/share/turtlebot3_simulations/package.dsv
[0.102s] -- Up-to-date symlink: /home/sheldon/turtlebot3_ws/install/turtlebot3_simulations/share/ament_index/resource_index/packages/turtlebot3_simulations
[0.103s] -- Up-to-date symlink: /home/sheldon/turtlebot3_ws/install/turtlebot3_simulations/share/turtlebot3_simulations/cmake/turtlebot3_simulationsConfig.cmake
[0.105s] -- Up-to-date symlink: /home/sheldon/turtlebot3_ws/install/turtlebot3_simulations/share/turtlebot3_simulations/cmake/turtlebot3_simulationsConfig-version.cmake
[0.106s] -- Up-to-date symlink: /home/sheldon/turtlebot3_ws/install/turtlebot3_simulations/share/turtlebot3_simulations/package.xml
[0.108s] Invoked command in '/home/sheldon/turtlebot3_ws/build/turtlebot3_simulations' returned '0': CMAKE_PREFIX_PATH=/home/sheldon/turtlebot3_ws/install/turtlebot3_gazebo:/home/sheldon/turtlebot3_ws/install/turtlebot3_fake_node:/home/sheldon/turtlebot3_ws/install/turtlebot3_simulations:/home/sheldon/turtlebot3_ws/install/py_pubsub:/opt/ros/foxy /usr/bin/cmake --install /home/sheldon/turtlebot3_ws/build/turtlebot3_simulations
